<?xml version="1.0" encoding="UTF-8"?>
<!-- Generated by org.testng.reporters.JUnitReportReporter -->
<testsuite hostname="Anusha-PC" failures="0" tests="1" name="org.tetrasoft.training.test.TestHRM" time="19.174" errors="0" timestamp="2021-07-08T17:10:14 IST" skipped="0">
  <testcase classname="org.tetrasoft.training.test.TestHRM" name="testHRM" time="19.174"/>
  <system-out/>
</testsuite> <!-- org.tetrasoft.training.test.TestHRM -->
