<?xml version="1.0" encoding="UTF-8"?>
<!-- Generated by org.testng.reporters.JUnitReportReporter -->
<testsuite hostname="Anusha-PC" failures="0" tests="1" name="org.tetrasoft.training.test.TestNG_Demo" time="36.530" errors="0" timestamp="2021-06-24T11:20:43 IST" skipped="0">
  <testcase classname="org.tetrasoft.training.test.TestNG_Demo" name="googleSearch" time="36.530"/>
  <system-out/>
</testsuite> <!-- org.tetrasoft.training.test.TestNG_Demo -->
