<?xml version="1.0" encoding="UTF-8"?>
<!-- Generated by org.testng.reporters.JUnitReportReporter -->
<testsuite hostname="Anusha-PC" failures="0" tests="1" name="org.tetrasoft.training.AllExamples.DropDonWithoutSelect" time="10.281" errors="0" timestamp="2021-07-12T15:33:45 IST" skipped="0">
  <testcase classname="org.tetrasoft.training.AllExamples.DropDonWithoutSelect" name="dropDown" time="10.281"/>
  <system-out/>
</testsuite> <!-- org.tetrasoft.training.AllExamples.DropDonWithoutSelect -->
