<?xml version="1.0" encoding="UTF-8"?>
<!-- Generated by org.testng.reporters.JUnitReportReporter -->
<testsuite hostname="Anusha-PC" failures="0" tests="3" name="org.tetrasoft.training.test.TestNGDependencies" time="0.017" errors="0" timestamp="2021-07-08T10:52:44 IST" skipped="0">
  <testcase classname="org.tetrasoft.training.test.TestNGDependencies" name="test3" time="0.003"/>
  <system-out/>
  <testcase classname="org.tetrasoft.training.test.TestNGDependencies" name="test2" time="0.012"/>
  <system-out/>
  <testcase classname="org.tetrasoft.training.test.TestNGDependencies" name="test1" time="0.002"/>
  <system-out/>
</testsuite> <!-- org.tetrasoft.training.test.TestNGDependencies -->
