<?xml version="1.0" encoding="UTF-8"?>
<!-- Generated by org.testng.reporters.JUnitReportReporter -->
<testsuite hostname="Anusha-PC" failures="0" tests="1" name="org.tetrasoft.training.test.TakeScreenShot" time="22.827" errors="0" timestamp="2021-07-10T13:21:15 IST" skipped="0">
  <testcase classname="org.tetrasoft.training.test.TakeScreenShot" name="takeScreenshot" time="22.827"/>
  <system-out/>
</testsuite> <!-- org.tetrasoft.training.test.TakeScreenShot -->
