<?xml version="1.0" encoding="UTF-8"?>
<!-- Generated by org.testng.reporters.JUnitReportReporter -->
<testsuite hostname="Anusha-PC" failures="0" tests="2" name="org.tetrasoft.training.excelread.ExcelDataProvider" time="11.937" errors="0" timestamp="2021-07-12T15:08:41 IST" skipped="0">
  <testcase classname="org.tetrasoft.training.excelread.ExcelDataProvider" name="testExcel" time="2.990"/>
  <system-out/>
  <testcase classname="org.tetrasoft.training.excelread.ExcelDataProvider" name="testExcel" time="8.947"/>
  <system-out/>
</testsuite> <!-- org.tetrasoft.training.excelread.ExcelDataProvider -->
