<?xml version="1.0" encoding="UTF-8"?>
<!-- Generated by org.testng.reporters.JUnitReportReporter -->
<testsuite hostname="Anusha-PC" failures="0" tests="1" name="org.tetrasoft.training.excelread.ReadAndWriteData" time="1.064" errors="0" timestamp="2021-07-13T11:26:49 IST" skipped="0">
  <testcase classname="org.tetrasoft.training.excelread.ReadAndWriteData" name="test" time="1.064"/>
  <system-out/>
</testsuite> <!-- org.tetrasoft.training.excelread.ReadAndWriteData -->
