<?xml version="1.0" encoding="UTF-8"?>
<!-- Generated by org.testng.reporters.JUnitReportReporter -->
<testsuite hostname="Anusha-PC" failures="0" tests="1" name="com.uiautomation.testcases.TC_Login_1" time="2.560" errors="0" timestamp="2021-05-13T17:40:36 IST" skipped="0">
  <testcase classname="com.uiautomation.testcases.TC_Login_1" name="loginTest" time="2.560"/>
  <system-out/>
</testsuite> <!-- com.uiautomation.testcases.TC_Login_1 -->
